# JRE version: Java(TM) SE Runtime Environment (8.0_144-b01) (build 1.8.0_144-b01)
# Java VM: Java HotSpot(TM) 64-Bit Server VM (25.144-b01 mixed mode windows-amd64 compressed oops)
Heap:
 PSYoungGen      total 76288K, used 6740K [0x000000076b380000, 0x0000000774880000, 0x00000007c0000000)
  eden space 65536K, 10% used [0x000000076b380000,0x000000076ba150a0,0x000000076f380000)
  from space 10752K, 0% used [0x000000076fe00000,0x000000076fe00000,0x0000000770880000)
  to   space 10752K, 0% used [0x000000076f380000,0x000000076f380000,0x000000076fe00000)
 ParOldGen       total 101376K, used 9442K [0x00000006c1a00000, 0x00000006c7d00000, 0x000000076b380000)
  object space 101376K, 9% used [0x00000006c1a00000,0x00000006c2338b78,0x00000006c7d00000)
 Metaspace       used 20639K, capacity 21395K, committed 21504K, reserved 1069056K
  class space    used 2615K, capacity 2788K, committed 2816K, reserved 1048576K
GC Heap History (6 events):
Event: 2.122 GC heap before
{Heap before GC invocations=1 (full 0):
 PSYoungGen      total 76288K, used 65536K [0x000000076b380000, 0x0000000770880000, 0x00000007c0000000)
  eden space 65536K, 100% used [0x000000076b380000,0x000000076f380000,0x000000076f380000)
  from space 10752K, 0% used [0x000000076fe00000,0x000000076fe00000,0x0000000770880000)
  to   space 10752K, 0% used [0x000000076f380000,0x000000076f380000,0x000000076fe00000)
 ParOldGen       total 175104K, used 0K [0x00000006c1a00000, 0x00000006cc500000, 0x000000076b380000)
  object space 175104K, 0% used [0x00000006c1a00000,0x00000006c1a00000,0x00000006cc500000)
 Metaspace       used 20049K, capacity 20733K, committed 20992K, reserved 1067008K
  class space    used 2543K, capacity 2729K, committed 2816K, reserved 1048576K
Event: 2.134 GC heap after
Heap after GC invocations=1 (full 0):
 PSYoungGen      total 76288K, used 10570K [0x000000076b380000, 0x0000000770880000, 0x00000007c0000000)
  eden space 65536K, 0% used [0x000000076b380000,0x000000076b380000,0x000000076f380000)
  from space 10752K, 98% used [0x000000076f380000,0x000000076fdd2a08,0x000000076fe00000)
  to   space 10752K, 0% used [0x000000076fe00000,0x000000076fe00000,0x0000000770880000)
 ParOldGen       total 175104K, used 24K [0x00000006c1a00000, 0x00000006cc500000, 0x000000076b380000)
  object space 175104K, 0% used [0x00000006c1a00000,0x00000006c1a06000,0x00000006cc500000)
 Metaspace       used 20049K, capacity 20733K, committed 20992K, reserved 1067008K
  class space    used 2543K, capacity 2729K, committed 2816K, reserved 1048576K
}
Event: 2.304 GC heap before
{Heap before GC invocations=2 (full 0):
 PSYoungGen      total 76288K, used 19315K [0x000000076b380000, 0x0000000770880000, 0x00000007c0000000)
  eden space 65536K, 13% used [0x000000076b380000,0x000000076bc0a3f0,0x000000076f380000)
  from space 10752K, 98% used [0x000000076f380000,0x000000076fdd2a08,0x000000076fe00000)
  to   space 10752K, 0% used [0x000000076fe00000,0x000000076fe00000,0x0000000770880000)
 ParOldGen       total 175104K, used 24K [0x00000006c1a00000, 0x00000006cc500000, 0x000000076b380000)
  object space 175104K, 0% used [0x00000006c1a00000,0x00000006c1a06000,0x00000006cc500000)
 Metaspace       used 20460K, capacity 21151K, committed 21248K, reserved 1067008K
  class space    used 2586K, capacity 2732K, committed 2816K, reserved 1048576K
Event: 2.311 GC heap after
Heap after GC invocations=2 (full 0):
 PSYoungGen      total 76288K, used 9611K [0x000000076b380000, 0x0000000774880000, 0x00000007c0000000)
  eden space 65536K, 0% used [0x000000076b380000,0x000000076b380000,0x000000076f380000)
  from space 10752K, 89% used [0x000000076fe00000,0x0000000770762cd0,0x0000000770880000)
  to   space 10752K, 0% used [0x000000076f380000,0x000000076f380000,0x000000076fe00000)
 ParOldGen       total 175104K, used 40K [0x00000006c1a00000, 0x00000006cc500000, 0x000000076b380000)
  object space 175104K, 0% used [0x00000006c1a00000,0x00000006c1a0a000,0x00000006cc500000)
 Metaspace       used 20460K, capacity 21151K, committed 21248K, reserved 1067008K
  class space    used 2586K, capacity 2732K, committed 2816K, reserved 1048576K
}
Event: 2.311 GC heap before
{Heap before GC invocations=3 (full 1):
 PSYoungGen      total 76288K, used 9611K [0x000000076b380000, 0x0000000774880000, 0x00000007c0000000)
  eden space 65536K, 0% used [0x000000076b380000,0x000000076b380000,0x000000076f380000)
  from space 10752K, 89% used [0x000000076fe00000,0x0000000770762cd0,0x0000000770880000)
  to   space 10752K, 0% used [0x000000076f380000,0x000000076f380000,0x000000076fe00000)
 ParOldGen       total 175104K, used 40K [0x00000006c1a00000, 0x00000006cc500000, 0x000000076b380000)
  object space 175104K, 0% used [0x00000006c1a00000,0x00000006c1a0a000,0x00000006cc500000)
 Metaspace       used 20460K, capacity 21151K, committed 21248K, reserved 1067008K
  class space    used 2586K, capacity 2732K, committed 2816K, reserved 1048576K
Event: 2.344 GC heap after
Heap after GC invocations=3 (full 1):
 PSYoungGen      total 76288K, used 0K [0x000000076b380000, 0x0000000774880000, 0x00000007c0000000)
  eden space 65536K, 0% used [0x000000076b380000,0x000000076b380000,0x000000076f380000)
  from space 10752K, 0% used [0x000000076fe00000,0x000000076fe00000,0x0000000770880000)
  to   space 10752K, 0% used [0x000000076f380000,0x000000076f380000,0x000000076fe00000)
 ParOldGen       total 101376K, used 9442K [0x00000006c1a00000, 0x00000006c7d00000, 0x000000076b380000)
  object space 101376K, 9% used [0x00000006c1a00000,0x00000006c2338b78,0x00000006c7d00000)
 Metaspace       used 20447K, capacity 21131K, committed 21248K, reserved 1067008K
  class space    used 2581K, capacity 2722K, committed 2816K, reserved 1048576K
}

