# JRE version: Java(TM) SE Runtime Environment (8.0_144-b01) (build 1.8.0_144-b01)
# Java VM: Java HotSpot(TM) 64-Bit Server VM (25.144-b01 mixed mode windows-amd64 compressed oops)
Heap:
 PSYoungGen      total 76288K, used 11633K [0x000000076b380000, 0x0000000774880000, 0x00000007c0000000)
  eden space 65536K, 17% used [0x000000076b380000,0x000000076bedc7a0,0x000000076f380000)
  from space 10752K, 0% used [0x000000076fe00000,0x000000076fe00000,0x0000000770880000)
  to   space 10752K, 0% used [0x000000076f380000,0x000000076f380000,0x000000076fe00000)
 ParOldGen       total 116224K, used 9470K [0x00000006c1a00000, 0x00000006c8b80000, 0x000000076b380000)
  object space 116224K, 8% used [0x00000006c1a00000,0x00000006c233f850,0x00000006c8b80000)
 Metaspace       used 21790K, capacity 22515K, committed 22656K, reserved 1069056K
  class space    used 2714K, capacity 2884K, committed 2944K, reserved 1048576K
GC Heap History (6 events):
Event: 1.552 GC heap before
{Heap before GC invocations=1 (full 0):
 PSYoungGen      total 76288K, used 65536K [0x000000076b380000, 0x0000000770880000, 0x00000007c0000000)
  eden space 65536K, 100% used [0x000000076b380000,0x000000076f380000,0x000000076f380000)
  from space 10752K, 0% used [0x000000076fe00000,0x000000076fe00000,0x0000000770880000)
  to   space 10752K, 0% used [0x000000076f380000,0x000000076f380000,0x000000076fe00000)
 ParOldGen       total 175104K, used 0K [0x00000006c1a00000, 0x00000006cc500000, 0x000000076b380000)
  object space 175104K, 0% used [0x00000006c1a00000,0x00000006c1a00000,0x00000006cc500000)
 Metaspace       used 20063K, capacity 20773K, committed 20992K, reserved 1067008K
  class space    used 2540K, capacity 2697K, committed 2816K, reserved 1048576K
Event: 1.565 GC heap after
Heap after GC invocations=1 (full 0):
 PSYoungGen      total 76288K, used 10487K [0x000000076b380000, 0x0000000770880000, 0x00000007c0000000)
  eden space 65536K, 0% used [0x000000076b380000,0x000000076b380000,0x000000076f380000)
  from space 10752K, 97% used [0x000000076f380000,0x000000076fdbdf10,0x000000076fe00000)
  to   space 10752K, 0% used [0x000000076fe00000,0x000000076fe00000,0x0000000770880000)
 ParOldGen       total 175104K, used 24K [0x00000006c1a00000, 0x00000006cc500000, 0x000000076b380000)
  object space 175104K, 0% used [0x00000006c1a00000,0x00000006c1a06000,0x00000006cc500000)
 Metaspace       used 20063K, capacity 20773K, committed 20992K, reserved 1067008K
  class space    used 2540K, capacity 2697K, committed 2816K, reserved 1048576K
}
Event: 2.128 GC heap before
{Heap before GC invocations=2 (full 0):
 PSYoungGen      total 76288K, used 20034K [0x000000076b380000, 0x0000000770880000, 0x00000007c0000000)
  eden space 65536K, 14% used [0x000000076b380000,0x000000076bcd2b38,0x000000076f380000)
  from space 10752K, 97% used [0x000000076f380000,0x000000076fdbdf10,0x000000076fe00000)
  to   space 10752K, 0% used [0x000000076fe00000,0x000000076fe00000,0x0000000770880000)
 ParOldGen       total 175104K, used 24K [0x00000006c1a00000, 0x00000006cc500000, 0x000000076b380000)
  object space 175104K, 0% used [0x00000006c1a00000,0x00000006c1a06000,0x00000006cc500000)
 Metaspace       used 20497K, capacity 21177K, committed 21248K, reserved 1067008K
  class space    used 2583K, capacity 2763K, committed 2816K, reserved 1048576K
Event: 2.138 GC heap after
Heap after GC invocations=2 (full 0):
 PSYoungGen      total 76288K, used 9738K [0x000000076b380000, 0x0000000774880000, 0x00000007c0000000)
  eden space 65536K, 0% used [0x000000076b380000,0x000000076b380000,0x000000076f380000)
  from space 10752K, 90% used [0x000000076fe00000,0x0000000770782bf0,0x0000000770880000)
  to   space 10752K, 0% used [0x000000076f380000,0x000000076f380000,0x000000076fe00000)
 ParOldGen       total 175104K, used 40K [0x00000006c1a00000, 0x00000006cc500000, 0x000000076b380000)
  object space 175104K, 0% used [0x00000006c1a00000,0x00000006c1a0a000,0x00000006cc500000)
 Metaspace       used 20497K, capacity 21177K, committed 21248K, reserved 1067008K
  class space    used 2583K, capacity 2763K, committed 2816K, reserved 1048576K
}
Event: 2.138 GC heap before
{Heap before GC invocations=3 (full 1):
 PSYoungGen      total 76288K, used 9738K [0x000000076b380000, 0x0000000774880000, 0x00000007c0000000)
  eden space 65536K, 0% used [0x000000076b380000,0x000000076b380000,0x000000076f380000)
  from space 10752K, 90% used [0x000000076fe00000,0x0000000770782bf0,0x0000000770880000)
  to   space 10752K, 0% used [0x000000076f380000,0x000000076f380000,0x000000076fe00000)
 ParOldGen       total 175104K, used 40K [0x00000006c1a00000, 0x00000006cc500000, 0x000000076b380000)
  object space 175104K, 0% used [0x00000006c1a00000,0x00000006c1a0a000,0x00000006cc500000)
 Metaspace       used 20497K, capacity 21177K, committed 21248K, reserved 1067008K
  class space    used 2583K, capacity 2763K, committed 2816K, reserved 1048576K
Event: 2.183 GC heap after
Heap after GC invocations=3 (full 1):
 PSYoungGen      total 76288K, used 0K [0x000000076b380000, 0x0000000774880000, 0x00000007c0000000)
  eden space 65536K, 0% used [0x000000076b380000,0x000000076b380000,0x000000076f380000)
  from space 10752K, 0% used [0x000000076fe00000,0x000000076fe00000,0x0000000770880000)
  to   space 10752K, 0% used [0x000000076f380000,0x000000076f380000,0x000000076fe00000)
 ParOldGen       total 116224K, used 9470K [0x00000006c1a00000, 0x00000006c8b80000, 0x000000076b380000)
  object space 116224K, 8% used [0x00000006c1a00000,0x00000006c233f850,0x00000006c8b80000)
 Metaspace       used 20485K, capacity 21157K, committed 21248K, reserved 1067008K
  class space    used 2578K, capacity 2753K, committed 2816K, reserved 1048576K
}

